<?xml version="1.0" encoding="UTF-8"?>
<testsuite name="StreamTest" tests="1" skipped="0" failures="0" errors="0" timestamp="2022-07-13T07:23:04" hostname="DESKTOP-N7699QC" time="0.026">
  <properties/>
  <testcase name="processingStream()" classname="StreamTest" time="0.026"/>
  <system-out><![CDATA[1
3
5
7
9
sum = 25
]]></system-out>
  <system-err><![CDATA[]]></system-err>
</testsuite>
